<?xml version="1.0" encoding="UTF-8"?>
<!-- Generated by org.testng.reporters.JUnitReportReporter -->
<testsuite hostname="DESKTOP-1EBNG06" name="runner.RunCukeTestng" tests="1" failures="0" timestamp="11 May 2020 11:33:43 GMT" time="150.786" errors="0">
  <testcase name="feature" time="150.786" classname="runner.RunCukeTestng"/>
</testsuite> <!-- runner.RunCukeTestng -->
